<?xml version="1.0" encoding="UTF-8"?>
<testsuite xmlns:xsi="http://www.w3.org/2001/XMLSchema-instance" xsi:noNamespaceSchemaLocation="https://maven.apache.org/surefire/maven-surefire-plugin/xsd/surefire-test-report.xsd" name="br.com.nameproject.suites.TestSuite_001_ManterCadastro" time="100.16" tests="3" errors="0" skipped="0" failures="0">
  <properties>
[...]
</properties>
  <testcase name="validarCamposObrigatorios" classname="br.com.nameproject.scenario.mantercadastro.CT_ManterCadastro_ValidarCamposObrigatorios" time="55.03"/>
  <testcase name="validarRegistroDuplicado" classname="br.com.nameproject.scenario.mantercadastro.CT_ManterCadastro_ValidarRegistroDuplicado" time="24.369"/>
  <testcase name="realizarCadastroUsuario" classname="br.com.nameproject.scenario.mantercadastro.CT_ManterCadastro_RealizarCadastro" time="19.729"/>
</testsuite>